0 info it worked if it ends with ok
1 verbose cli [ '/usr/bin/nodejs',
1 verbose cli   '/usr/bin/npm',
1 verbose cli   'run',
1 verbose cli   'babel-node',
1 verbose cli   'app.js' ]
2 info using npm@4.1.2
3 info using node@v7.7.3
4 verbose run-script [ 'prebabel-node', 'babel-node', 'postbabel-node' ]
5 info lifecycle bot@1.0.0~prebabel-node: bot@1.0.0
6 silly lifecycle bot@1.0.0~prebabel-node: no script for prebabel-node, continuing
7 info lifecycle bot@1.0.0~babel-node: bot@1.0.0
8 verbose lifecycle bot@1.0.0~babel-node: unsafe-perm in lifecycle true
9 verbose lifecycle bot@1.0.0~babel-node: PATH: /usr/lib/node_modules/npm/bin/node-gyp-bin:/home/michaelost/attendance/node_modules/.bin:/usr/lib/node_modules/npm/bin/node-gyp-bin:/home/michaelost/attendance/node_modules/.bin:/home/michaelost/.rvm/gems/ruby-2.3.3/bin:/home/michaelost/.rvm/gems/ruby-2.3.3@global/bin:/home/michaelost/.rvm/rubies/ruby-2.3.3/bin:/home/michaelost/bin:/home/michaelost/.local/bin:/usr/local/sbin:/usr/local/bin:/usr/sbin:/usr/bin:/sbin:/bin:/usr/games:/usr/local/games:/snap/bin:/home/michaelost/.rvm/bin:/home/michaelost/.rvm/bin
10 verbose lifecycle bot@1.0.0~babel-node: CWD: /home/michaelost/attendance
11 silly lifecycle bot@1.0.0~babel-node: Args: [ '-c', 'babel-node "app.js"' ]
12 info lifecycle bot@1.0.0~babel-node: Failed to exec babel-node script
13 verbose stack Error: bot@1.0.0 babel-node: `babel-node "app.js"`
13 verbose stack spawn ENOENT
13 verbose stack     at ChildProcess.<anonymous> (/usr/lib/node_modules/npm/lib/utils/spawn.js:33:16)
13 verbose stack     at emitTwo (events.js:106:13)
13 verbose stack     at ChildProcess.emit (events.js:194:7)
13 verbose stack     at maybeClose (internal/child_process.js:899:16)
13 verbose stack     at Process.ChildProcess._handle.onexit (internal/child_process.js:226:5)
14 verbose pkgid bot@1.0.0
15 verbose cwd /home/michaelost/attendance
16 error Linux 4.4.0-71-generic
17 error argv "/usr/bin/nodejs" "/usr/bin/npm" "run" "babel-node" "app.js"
18 error node v7.7.3
19 error npm  v4.1.2
20 error file sh
21 error code ELIFECYCLE
22 error errno ENOENT
23 error syscall spawn
24 error bot@1.0.0 babel-node: `babel-node "app.js"`
24 error spawn ENOENT
25 error Failed at the bot@1.0.0 babel-node script 'babel-node "app.js"'.
25 error Make sure you have the latest version of node.js and npm installed.
25 error If you do, this is most likely a problem with the bot package,
25 error not with npm itself.
25 error Tell the author that this fails on your system:
25 error     babel-node "app.js"
25 error You can get information on how to open an issue for this project with:
25 error     npm bugs bot
25 error Or if that isn't available, you can get their info via:
25 error     npm owner ls bot
25 error There is likely additional logging output above.
26 verbose exit [ 1, true ]
